This is pdfTeX, Version 3.141592653-2.6-1.40.27 (MiKTeX 25.4) (preloaded format=pdflatex 2025.6.29)  29 JUN 2025 20:29
entering extended mode
 restricted \write18 enabled.
 %&-line parsing enabled.
**./LCLUC_laterStageAnalyses.tex
(LCLUC_laterStageAnalyses.tex
LaTeX2e <2025-06-01> patch level 1
L3 programming layer <2025-06-09>
(C:\Users\jessi\AppData\Local\Programs\MiKTeX\tex/latex/base\article.cls
Document Class: article 2025/01/22 v1.4n Standard LaTeX document class
(C:\Users\jessi\AppData\Local\Programs\MiKTeX\tex/latex/base\size10.clo
File: size10.clo 2025/01/22 v1.4n Standard LaTeX file (size option)
)
\c@part=\count275
\c@section=\count276
\c@subsection=\count277
\c@subsubsection=\count278
\c@paragraph=\count279
\c@subparagraph=\count280
\c@figure=\count281
\c@table=\count282
\abovecaptionskip=\skip49
\belowcaptionskip=\skip50
\bibindent=\dimen148
) (C:\Users\jessi\AppData\Local\Programs\MiKTeX\tex/latex/amsmath\amsmath.sty
Package: amsmath 2025/06/16 v2.17y AMS math features
\@mathmargin=\skip51
For additional information on amsmath, use the `?' option.
(C:\Users\jessi\AppData\Local\Programs\MiKTeX\tex/latex/amsmath\amstext.sty
Package: amstext 2024/11/17 v2.01 AMS text
(C:\Users\jessi\AppData\Local\Programs\MiKTeX\tex/latex/amsmath\amsgen.sty
File: amsgen.sty 1999/11/30 v2.0 generic functions
\@emptytoks=\toks17
\ex@=\dimen149
)) (C:\Users\jessi\AppData\Local\Programs\MiKTeX\tex/latex/amsmath\amsbsy.sty
Package: amsbsy 1999/11/29 v1.2d Bold Symbols
\pmbraise@=\dimen150
) (C:\Users\jessi\AppData\Local\Programs\MiKTeX\tex/latex/amsmath\amsopn.sty
Package: amsopn 2022/04/08 v2.04 operator names
)
\inf@bad=\count283
LaTeX Info: Redefining \frac on input line 233.
\uproot@=\count284
\leftroot@=\count285
LaTeX Info: Redefining \overline on input line 398.
LaTeX Info: Redefining \colon on input line 409.
\classnum@=\count286
\DOTSCASE@=\count287
LaTeX Info: Redefining \ldots on input line 495.
LaTeX Info: Redefining \dots on input line 498.
LaTeX Info: Redefining \cdots on input line 619.
\Mathstrutbox@=\box53
\strutbox@=\box54
LaTeX Info: Redefining \big on input line 721.
LaTeX Info: Redefining \Big on input line 722.
LaTeX Info: Redefining \bigg on input line 723.
LaTeX Info: Redefining \Bigg on input line 724.
\big@size=\dimen151
LaTeX Font Info:    Redeclaring font encoding OML on input line 742.
LaTeX Font Info:    Redeclaring font encoding OMS on input line 743.
\macc@depth=\count288
LaTeX Info: Redefining \bmod on input line 904.
LaTeX Info: Redefining \pmod on input line 909.
LaTeX Info: Redefining \smash on input line 939.
LaTeX Info: Redefining \relbar on input line 969.
LaTeX Info: Redefining \Relbar on input line 970.
\c@MaxMatrixCols=\count289
\dotsspace@=\muskip17
\c@parentequation=\count290
\dspbrk@lvl=\count291
\tag@help=\toks18
\row@=\count292
\column@=\count293
\maxfields@=\count294
\andhelp@=\toks19
\eqnshift@=\dimen152
\alignsep@=\dimen153
\tagshift@=\dimen154
\tagwidth@=\dimen155
\totwidth@=\dimen156
\lineht@=\dimen157
\@envbody=\toks20
\multlinegap=\skip52
\multlinetaggap=\skip53
\mathdisplay@stack=\toks21
LaTeX Info: Redefining \[ on input line 2949.
LaTeX Info: Redefining \] on input line 2950.
) (C:\Users\jessi\AppData\Local\Programs\MiKTeX\tex/latex/amsfonts\amssymb.sty
Package: amssymb 2013/01/14 v3.01 AMS font symbols
(C:\Users\jessi\AppData\Local\Programs\MiKTeX\tex/latex/amsfonts\amsfonts.sty
Package: amsfonts 2013/01/14 v3.01 Basic AMSFonts support
\symAMSa=\mathgroup4
\symAMSb=\mathgroup5
LaTeX Font Info:    Redeclaring math symbol \hbar on input line 98.
LaTeX Font Info:    Overwriting math alphabet `\mathfrak' in version `bold'
(Font)                  U/euf/m/n --> U/euf/b/n on input line 106.
)) (C:\Users\jessi\AppData\Local\Programs\MiKTeX\tex/generic/iftex\iftex.sty
Package: iftex 2024/12/12 v1.0g TeX engine tests
) (C:\Users\jessi\AppData\Local\Programs\MiKTeX\tex/latex/base\fontenc.sty
Package: fontenc 2024/12/21 v2.1c Standard LaTeX package
) (C:\Users\jessi\AppData\Local\Programs\MiKTeX\tex/latex/base\inputenc.sty
Package: inputenc 2024/02/08 v1.3d Input encoding file
\inpenc@prehook=\toks22
\inpenc@posthook=\toks23
) (C:\Users\jessi\AppData\Local\Programs\MiKTeX\tex/latex/base\textcomp.sty
Package: textcomp 2024/04/24 v2.1b Standard LaTeX package
) (C:\Users\jessi\AppData\Local\Programs\MiKTeX\tex/latex/lm\lmodern.sty
Package: lmodern 2015/05/01 v1.6.1 Latin Modern Fonts
LaTeX Font Info:    Overwriting symbol font `operators' in version `normal'
(Font)                  OT1/cmr/m/n --> OT1/lmr/m/n on input line 22.
LaTeX Font Info:    Overwriting symbol font `letters' in version `normal'
(Font)                  OML/cmm/m/it --> OML/lmm/m/it on input line 23.
LaTeX Font Info:    Overwriting symbol font `symbols' in version `normal'
(Font)                  OMS/cmsy/m/n --> OMS/lmsy/m/n on input line 24.
LaTeX Font Info:    Overwriting symbol font `largesymbols' in version `normal'
(Font)                  OMX/cmex/m/n --> OMX/lmex/m/n on input line 25.
LaTeX Font Info:    Overwriting symbol font `operators' in version `bold'
(Font)                  OT1/cmr/bx/n --> OT1/lmr/bx/n on input line 26.
LaTeX Font Info:    Overwriting symbol font `letters' in version `bold'
(Font)                  OML/cmm/b/it --> OML/lmm/b/it on input line 27.
LaTeX Font Info:    Overwriting symbol font `symbols' in version `bold'
(Font)                  OMS/cmsy/b/n --> OMS/lmsy/b/n on input line 28.
LaTeX Font Info:    Overwriting symbol font `largesymbols' in version `bold'
(Font)                  OMX/cmex/m/n --> OMX/lmex/m/n on input line 29.
LaTeX Font Info:    Overwriting math alphabet `\mathbf' in version `normal'
(Font)                  OT1/cmr/bx/n --> OT1/lmr/bx/n on input line 31.
LaTeX Font Info:    Overwriting math alphabet `\mathsf' in version `normal'
(Font)                  OT1/cmss/m/n --> OT1/lmss/m/n on input line 32.
LaTeX Font Info:    Overwriting math alphabet `\mathit' in version `normal'
(Font)                  OT1/cmr/m/it --> OT1/lmr/m/it on input line 33.
LaTeX Font Info:    Overwriting math alphabet `\mathtt' in version `normal'
(Font)                  OT1/cmtt/m/n --> OT1/lmtt/m/n on input line 34.
LaTeX Font Info:    Overwriting math alphabet `\mathbf' in version `bold'
(Font)                  OT1/cmr/bx/n --> OT1/lmr/bx/n on input line 35.
LaTeX Font Info:    Overwriting math alphabet `\mathsf' in version `bold'
(Font)                  OT1/cmss/bx/n --> OT1/lmss/bx/n on input line 36.
LaTeX Font Info:    Overwriting math alphabet `\mathit' in version `bold'
(Font)                  OT1/cmr/bx/it --> OT1/lmr/bx/it on input line 37.
LaTeX Font Info:    Overwriting math alphabet `\mathtt' in version `bold'
(Font)                  OT1/cmtt/m/n --> OT1/lmtt/m/n on input line 38.
) (C:\Users\jessi\AppData\Local\Programs\MiKTeX\tex/latex/upquote\upquote.sty
Package: upquote 2012/04/19 v1.3 upright-quote and grave-accent glyphs in verba
tim
)
(C:\Users\jessi\AppData\Local\Programs\MiKTeX\tex/latex/microtype\microtype.sty
Package: microtype 2025/02/11 v3.2a Micro-typographical refinements (RS)
(C:\Users\jessi\AppData\Local\Programs\MiKTeX\tex/latex/graphics\keyval.sty
Package: keyval 2022/05/29 v1.15 key=value parser (DPC)
\KV@toks@=\toks24
) (C:\Users\jessi\AppData\Local\Programs\MiKTeX\tex/latex/etoolbox\etoolbox.sty
Package: etoolbox 2025/02/11 v2.5l e-TeX tools for LaTeX (JAW)
\etb@tempcnta=\count295
)
\MT@toks=\toks25
\MT@tempbox=\box55
\MT@count=\count296
LaTeX Info: Redefining \noprotrusionifhmode on input line 1087.
LaTeX Info: Redefining \leftprotrusion on input line 1088.
\MT@prot@toks=\toks26
LaTeX Info: Redefining \rightprotrusion on input line 1107.
LaTeX Info: Redefining \textls on input line 1449.
\MT@outer@kern=\dimen158
LaTeX Info: Redefining \microtypecontext on input line 2053.
LaTeX Info: Redefining \textmicrotypecontext on input line 2070.
\MT@listname@count=\count297

(C:\Users\jessi\AppData\Local\Programs\MiKTeX\tex/latex/microtype\microtype-pdf
tex.def
File: microtype-pdftex.def 2025/02/11 v3.2a Definitions specific to pdftex (RS)

LaTeX Info: Redefining \lsstyle on input line 944.
LaTeX Info: Redefining \lslig on input line 944.
\MT@outer@space=\skip54
)
Package microtype Info: Loading configuration file microtype.cfg.

(C:\Users\jessi\AppData\Local\Programs\MiKTeX\tex/latex/microtype\microtype.cfg
File: microtype.cfg 2025/02/11 v3.2a microtype main configuration file (RS)
)
LaTeX Info: Redefining \microtypesetup on input line 3065.
) (C:\Users\jessi\AppData\Local\Programs\MiKTeX\tex/latex/parskip\parskip.sty
Package: parskip 2021-03-14 v2.0h non-zero parskip adjustments

(C:\Users\jessi\AppData\Local\Programs\MiKTeX\tex/latex/kvoptions\kvoptions.sty
Package: kvoptions 2022-06-15 v3.15 Key value format for package options (HO)
(C:\Users\jessi\AppData\Local\Programs\MiKTeX\tex/generic/ltxcmds\ltxcmds.sty
Package: ltxcmds 2023-12-04 v1.26 LaTeX kernel commands for general use (HO)
)
(C:\Users\jessi\AppData\Local\Programs\MiKTeX\tex/latex/kvsetkeys\kvsetkeys.sty
Package: kvsetkeys 2022-10-05 v1.19 Key value parser (HO)
))) (C:\Users\jessi\AppData\Local\Programs\MiKTeX\tex/latex/xcolor\xcolor.sty
Package: xcolor 2024/09/29 v3.02 LaTeX color extensions (UK)
(C:\Users\jessi\AppData\Local\Programs\MiKTeX\tex/latex/graphics-cfg\color.cfg
File: color.cfg 2016/01/02 v1.6 sample color configuration
)
Package xcolor Info: Driver file: pdftex.def on input line 274.

(C:\Users\jessi\AppData\Local\Programs\MiKTeX\tex/latex/graphics-def\pdftex.def
File: pdftex.def 2024/04/13 v1.2c Graphics/color driver for pdftex
) (C:\Users\jessi\AppData\Local\Programs\MiKTeX\tex/latex/graphics\mathcolor.lt
x)
Package xcolor Info: Model `cmy' substituted by `cmy0' on input line 1349.
Package xcolor Info: Model `hsb' substituted by `rgb' on input line 1353.
Package xcolor Info: Model `RGB' extended on input line 1365.
Package xcolor Info: Model `HTML' substituted by `rgb' on input line 1367.
Package xcolor Info: Model `Hsb' substituted by `hsb' on input line 1368.
Package xcolor Info: Model `tHsb' substituted by `hsb' on input line 1369.
Package xcolor Info: Model `HSB' substituted by `hsb' on input line 1370.
Package xcolor Info: Model `Gray' substituted by `gray' on input line 1371.
Package xcolor Info: Model `wave' substituted by `hsb' on input line 1372.
) (C:\Users\jessi\AppData\Local\Programs\MiKTeX\tex/latex/geometry\geometry.sty
Package: geometry 2020/01/02 v5.9 Page Geometry
(C:\Users\jessi\AppData\Local\Programs\MiKTeX\tex/generic/iftex\ifvtex.sty
Package: ifvtex 2019/10/25 v1.7 ifvtex legacy package. Use iftex instead.
)
\Gm@cnth=\count298
\Gm@cntv=\count299
\c@Gm@tempcnt=\count300
\Gm@bindingoffset=\dimen159
\Gm@wd@mp=\dimen160
\Gm@odd@mp=\dimen161
\Gm@even@mp=\dimen162
\Gm@layoutwidth=\dimen163
\Gm@layoutheight=\dimen164
\Gm@layouthoffset=\dimen165
\Gm@layoutvoffset=\dimen166
\Gm@dimlist=\toks27
(C:\Users\jessi\AppData\Local\Programs\MiKTeX\tex/latex/geometry\geometry.cfg))
(C:\Users\jessi\AppData\Local\Programs\MiKTeX\tex/latex/tools\longtable.sty
Package: longtable 2024-12-18 v4.23 Multi-page Table package (DPC)
\LTleft=\skip55
\LTright=\skip56
\LTpre=\skip57
\LTpost=\skip58
\LTchunksize=\count301
\LTcapwidth=\dimen167
\LT@head=\box56
\LT@firsthead=\box57
\LT@foot=\box58
\LT@lastfoot=\box59
\LT@gbox=\box60
\LT@cols=\count302
\LT@rows=\count303
\c@LT@tables=\count304
\c@LT@chunks=\count305
\LT@p@ftn=\toks28
) (C:\Users\jessi\AppData\Local\Programs\MiKTeX\tex/latex/booktabs\booktabs.sty
Package: booktabs 2020/01/12 v1.61803398 Publication quality tables
\heavyrulewidth=\dimen168
\lightrulewidth=\dimen169
\cmidrulewidth=\dimen170
\belowrulesep=\dimen171
\belowbottomsep=\dimen172
\aboverulesep=\dimen173
\abovetopsep=\dimen174
\cmidrulesep=\dimen175
\cmidrulekern=\dimen176
\defaultaddspace=\dimen177
\@cmidla=\count306
\@cmidlb=\count307
\@aboverulesep=\dimen178
\@belowrulesep=\dimen179
\@thisruleclass=\count308
\@lastruleclass=\count309
\@thisrulewidth=\dimen180
) (C:\Users\jessi\AppData\Local\Programs\MiKTeX\tex/latex/tools\array.sty
Package: array 2025/06/08 v2.6j Tabular extension package (FMi)
\col@sep=\dimen181
\ar@mcellbox=\box61
\extrarowheight=\dimen182
\NC@list=\toks29
\extratabsurround=\skip59
\backup@length=\skip60
\ar@cellbox=\box62
) (C:\Users\jessi\AppData\Local\Programs\MiKTeX\tex/latex/tools\calc.sty
Package: calc 2025/03/01 v4.3b Infix arithmetic (KKT,FJ)
\calc@Acount=\count310
\calc@Bcount=\count311
\calc@Adimen=\dimen183
\calc@Bdimen=\dimen184
\calc@Askip=\skip61
\calc@Bskip=\skip62
LaTeX Info: Redefining \setlength on input line 86.
LaTeX Info: Redefining \addtolength on input line 87.
\calc@Ccount=\count312
\calc@Cskip=\skip63
)
(C:\Users\jessi\AppData\Local\Programs\MiKTeX\tex/latex/footnotehyper\footnoteh
yper.sty
Package: footnotehyper 2021/08/13 v1.1e hyperref aware footnote.sty (JFB)
\FNH@notes=\box63
\FNH@width=\dimen185
\FNH@toks=\toks30
) (C:\Users\jessi\AppData\Local\Programs\MiKTeX\tex/latex/graphics\graphicx.sty
Package: graphicx 2024/12/31 v1.2e Enhanced LaTeX Graphics (DPC,SPQR)
(C:\Users\jessi\AppData\Local\Programs\MiKTeX\tex/latex/graphics\graphics.sty
Package: graphics 2024/08/06 v1.4g Standard LaTeX Graphics (DPC,SPQR)
(C:\Users\jessi\AppData\Local\Programs\MiKTeX\tex/latex/graphics\trig.sty
Package: trig 2023/12/02 v1.11 sin cos tan (DPC)
)
(C:\Users\jessi\AppData\Local\Programs\MiKTeX\tex/latex/graphics-cfg\graphics.c
fg
File: graphics.cfg 2016/06/04 v1.11 sample graphics configuration
)
Package graphics Info: Driver file: pdftex.def on input line 106.
)
\Gin@req@height=\dimen186
\Gin@req@width=\dimen187
)
\pandoc@box=\box64
(C:\Users\jessi\AppData\Local\Programs\MiKTeX\tex/latex/multirow\multirow.sty
Package: multirow 2024/11/12 v2.9 Span multiple rows of a table
\multirow@colwidth=\skip64
\multirow@cntb=\count313
\multirow@dima=\skip65
\bigstrutjot=\dimen188
) (C:\Users\jessi\AppData\Local\Programs\MiKTeX\tex/latex/wrapfig\wrapfig.sty
\wrapoverhang=\dimen189
\WF@size=\dimen190
\c@WF@wrappedlines=\count314
\WF@box=\box65
\WF@everypar=\toks31
Package: wrapfig 2003/01/31  v 3.6
) (C:\Users\jessi\AppData\Local\Programs\MiKTeX\tex/latex/float\float.sty
Package: float 2001/11/08 v1.3d Float enhancements (AL)
\c@float@type=\count315
\float@exts=\toks32
\float@box=\box66
\@float@everytoks=\toks33
\@floatcapt=\box67
) (C:\Users\jessi\AppData\Local\Programs\MiKTeX\tex/latex/colortbl\colortbl.sty
Package: colortbl 2024/10/29 v1.0k Color table columns (DPC)
\everycr=\toks34
\minrowclearance=\skip66
\rownum=\count316
)
(C:\Users\jessi\AppData\Local\Programs\MiKTeX\tex/latex/pdflscape\pdflscape.sty
Package: pdflscape 2022-10-27 v0.13 Display of landscape pages in PDF

(C:\Users\jessi\AppData\Local\Programs\MiKTeX\tex/latex/pdflscape\pdflscape-nom
etadata.sty
Package: pdflscape-nometadata 2022-10-28 v0.13 Display of landscape pages in PD
F (HO)
(C:\Users\jessi\AppData\Local\Programs\MiKTeX\tex/latex/graphics\lscape.sty
Package: lscape 2020/05/28 v3.02 Landscape Pages (DPC)
)
Package pdflscape Info: Auto-detected driver: pdftex on input line 81.
)) (C:\Users\jessi\AppData\Local\Programs\MiKTeX\tex/latex/tabu\tabu.sty
Package: tabu 2019/01/11 v2.9 - flexible LaTeX tabulars (FC+tabu-fixed)
(C:\Users\jessi\AppData\Local\Programs\MiKTeX\tex/latex/varwidth\varwidth.sty
Package: varwidth 2009/03/30 ver 0.92;  Variable-width minipages
\@vwid@box=\box68
\sift@deathcycles=\count317
\@vwid@loff=\dimen191
\@vwid@roff=\dimen192
)
==> First Aid for varwidth.sty applied!
\c@taburow=\count318
\tabu@nbcols=\count319
\tabu@cnt=\count320
\tabu@Xcol=\count321
\tabu@alloc=\count322
\tabu@nested=\count323
\tabu@target=\dimen193
\tabu@spreadtarget=\dimen194
\tabu@naturalX=\dimen195
\tabucolX=\dimen196
\tabu@Xsum=\dimen197
\extrarowdepth=\dimen198
\abovetabulinesep=\dimen199
\belowtabulinesep=\dimen256
\tabustrutrule=\dimen257
\tabu@thebody=\toks35
\tabu@footnotes=\toks36
\tabu@box=\box69
\tabu@arstrutbox=\box70
\tabu@hleads=\box71
\tabu@vleads=\box72
\tabu@cellskip=\skip67
)
(C:\Users\jessi\AppData\Local\Programs\MiKTeX\tex/latex/threeparttable\threepar
ttable.sty
Package: threeparttable 2003/06/13  v 3.0
\@tempboxb=\box73
)
(C:\Users\jessi\AppData\Local\Programs\MiKTeX\tex/latex/threeparttablex\threepa
rttablex.sty
Package: threeparttablex 2013/07/23 v0.3 by daleif
(C:\Users\jessi\AppData\Local\Programs\MiKTeX\tex/latex/environ\environ.sty
Package: environ 2014/05/04 v0.3 A new way to define environments

(C:\Users\jessi\AppData\Local\Programs\MiKTeX\tex/latex/trimspaces\trimspaces.s
ty
Package: trimspaces 2009/09/17 v1.1 Trim spaces around a token list
))
\TPTL@width=\skip68
) (C:\Users\jessi\AppData\Local\Programs\MiKTeX\tex/latex/ulem\ulem.sty
\UL@box=\box74
\UL@hyphenbox=\box75
\UL@skip=\skip69
\UL@hook=\toks37
\UL@height=\dimen258
\UL@pe=\count324
\UL@pixel=\dimen259
\ULC@box=\box76
Package: ulem 2019/11/18
\ULdepth=\dimen260
) (C:\Users\jessi\AppData\Local\Programs\MiKTeX\tex/latex/makecell\makecell.sty
Package: makecell 2009/08/03 V0.1e Managing of Tab Column Heads and Cells
\rotheadsize=\dimen261
\c@nlinenum=\count325
\TeXr@lab=\toks38
) (C:\Users\jessi\AppData\Local\Programs\MiKTeX\tex/latex/bookmark\bookmark.sty
Package: bookmark 2023-12-10 v1.31 PDF bookmarks (HO)
(C:\Users\jessi\AppData\Local\Programs\MiKTeX\tex/latex/hyperref\hyperref.sty
Package: hyperref 2025-06-21 v7.01n Hypertext links for LaTeX

(C:\Users\jessi\AppData\Local\Programs\MiKTeX\tex/generic/kvdefinekeys\kvdefine
keys.sty
Package: kvdefinekeys 2019-12-19 v1.6 Define keys (HO)
)
(C:\Users\jessi\AppData\Local\Programs\MiKTeX\tex/generic/pdfescape\pdfescape.s
ty
Package: pdfescape 2019/12/09 v1.15 Implements pdfTeX's escape features (HO)

(C:\Users\jessi\AppData\Local\Programs\MiKTeX\tex/generic/pdftexcmds\pdftexcmds
.sty
Package: pdftexcmds 2020-06-27 v0.33 Utility functions of pdfTeX for LuaTeX (HO
)

(C:\Users\jessi\AppData\Local\Programs\MiKTeX\tex/generic/infwarerr\infwarerr.s
ty
Package: infwarerr 2019/12/03 v1.5 Providing info/warning/error messages (HO)
)
Package pdftexcmds Info: \pdf@primitive is available.
Package pdftexcmds Info: \pdf@ifprimitive is available.
Package pdftexcmds Info: \pdfdraftmode found.
)) (C:\Users\jessi\AppData\Local\Programs\MiKTeX\tex/latex/hycolor\hycolor.sty
Package: hycolor 2020-01-27 v1.10 Color options for hyperref/bookmark (HO)
) (C:\Users\jessi\AppData\Local\Programs\MiKTeX\tex/latex/hyperref\nameref.sty
Package: nameref 2025-06-21 v2.57 Cross-referencing by name of section
(C:\Users\jessi\AppData\Local\Programs\MiKTeX\tex/latex/refcount\refcount.sty
Package: refcount 2019/12/15 v3.6 Data extraction from label references (HO)
)
(C:\Users\jessi\AppData\Local\Programs\MiKTeX\tex/generic/gettitlestring\gettit
lestring.sty
Package: gettitlestring 2019/12/15 v1.6 Cleanup title references (HO)
)
\c@section@level=\count326
)
(C:\Users\jessi\AppData\Local\Programs\MiKTeX\tex/generic/stringenc\stringenc.s
ty
Package: stringenc 2019/11/29 v1.12 Convert strings between diff. encodings (HO
)
)
\@linkdim=\dimen262
\Hy@linkcounter=\count327
\Hy@pagecounter=\count328
(C:\Users\jessi\AppData\Local\Programs\MiKTeX\tex/latex/hyperref\pd1enc.def
File: pd1enc.def 2025-06-21 v7.01n Hyperref: PDFDocEncoding definition (HO)
Now handling font encoding PD1 ...
... no UTF-8 mapping file for font encoding PD1
) (C:\Users\jessi\AppData\Local\Programs\MiKTeX\tex/generic/intcalc\intcalc.sty
Package: intcalc 2019/12/15 v1.3 Expandable calculations with integers (HO)
)
\Hy@SavedSpaceFactor=\count329
(C:\Users\jessi\AppData\Local\Programs\MiKTeX\tex/latex/hyperref\puenc.def
File: puenc.def 2025-06-21 v7.01n Hyperref: PDF Unicode definition (HO)
Now handling font encoding PU ...
... no UTF-8 mapping file for font encoding PU
)
Package hyperref Info: Option `unicode' set `true' on input line 4052.
Package hyperref Info: Hyper figures OFF on input line 4181.
Package hyperref Info: Link nesting OFF on input line 4186.
Package hyperref Info: Hyper index ON on input line 4189.
Package hyperref Info: Plain pages OFF on input line 4196.
Package hyperref Info: Backreferencing OFF on input line 4201.
Package hyperref Info: Implicit mode ON; LaTeX internals redefined.
Package hyperref Info: Bookmarks ON on input line 4448.
\c@Hy@tempcnt=\count330
(C:\Users\jessi\AppData\Local\Programs\MiKTeX\tex/latex/url\url.sty
\Urlmuskip=\muskip18
Package: url 2013/09/16  ver 3.4  Verb mode for urls, etc.
)
LaTeX Info: Redefining \url on input line 4787.
\XeTeXLinkMargin=\dimen263
(C:\Users\jessi\AppData\Local\Programs\MiKTeX\tex/generic/bitset\bitset.sty
Package: bitset 2019/12/09 v1.3 Handle bit-vector datatype (HO)

(C:\Users\jessi\AppData\Local\Programs\MiKTeX\tex/generic/bigintcalc\bigintcalc
.sty
Package: bigintcalc 2019/12/15 v1.5 Expandable calculations on big integers (HO
)
))
\Fld@menulength=\count331
\Field@Width=\dimen264
\Fld@charsize=\dimen265
Package hyperref Info: Hyper figures OFF on input line 6066.
Package hyperref Info: Link nesting OFF on input line 6071.
Package hyperref Info: Hyper index ON on input line 6074.
Package hyperref Info: backreferencing OFF on input line 6081.
Package hyperref Info: Link coloring OFF on input line 6086.
Package hyperref Info: Link coloring with OCG OFF on input line 6091.
Package hyperref Info: PDF/A mode OFF on input line 6096.
\Hy@abspage=\count332
\c@Item=\count333
\c@Hfootnote=\count334
)
Package hyperref Info: Driver (autodetected): hpdftex.
(C:\Users\jessi\AppData\Local\Programs\MiKTeX\tex/latex/hyperref\hpdftex.def
File: hpdftex.def 2025-06-21 v7.01n Hyperref driver for pdfTeX
\Fld@listcount=\count335
\c@bookmark@seq@number=\count336

(C:\Users\jessi\AppData\Local\Programs\MiKTeX\tex/latex/rerunfilecheck\rerunfil
echeck.sty
Package: rerunfilecheck 2025-06-21 v1.11 Rerun checks for auxiliary files (HO)

(C:\Users\jessi\AppData\Local\Programs\MiKTeX\tex/generic/uniquecounter\uniquec
ounter.sty
Package: uniquecounter 2019/12/15 v1.4 Provide unlimited unique counter (HO)
)
Package uniquecounter Info: New unique counter `rerunfilecheck' on input line 2
84.
)
\Hy@SectionHShift=\skip70
)
(C:\Users\jessi\AppData\Local\Programs\MiKTeX\tex/latex/bookmark\bkm-pdftex.def
File: bkm-pdftex.def 2023-12-10 v1.31 bookmark driver for pdfTeX and luaTeX (HO
)
\BKM@id=\count337
)) (C:\Users\jessi\AppData\Local\Programs\MiKTeX\tex/latex/xurl\xurl.sty
Package: xurl 2022/01/09 v 0.10 modify URL breaks
)
LaTeX Font Info:    Trying to load font information for T1+lmr on input line 96
.
(C:\Users\jessi\AppData\Local\Programs\MiKTeX\tex/latex/lm\t1lmr.fd
File: t1lmr.fd 2015/05/01 v1.6.1 Font defs for Latin Modern
)
(C:\Users\jessi\AppData\Local\Programs\MiKTeX\tex/latex/l3backend\l3backend-pdf
tex.def
File: l3backend-pdftex.def 2025-06-09 L3 backend support: PDF output (pdfTeX)
\l__color_backend_stack_int=\count338
) (LCLUC_laterStageAnalyses.aux)
\openout1 = `LCLUC_laterStageAnalyses.aux'.

LaTeX Font Info:    Checking defaults for OML/cmm/m/it on input line 96.
LaTeX Font Info:    ... okay on input line 96.
LaTeX Font Info:    Checking defaults for OMS/cmsy/m/n on input line 96.
LaTeX Font Info:    ... okay on input line 96.
LaTeX Font Info:    Checking defaults for OT1/cmr/m/n on input line 96.
LaTeX Font Info:    ... okay on input line 96.
LaTeX Font Info:    Checking defaults for T1/cmr/m/n on input line 96.
LaTeX Font Info:    ... okay on input line 96.
LaTeX Font Info:    Checking defaults for TS1/cmr/m/n on input line 96.
LaTeX Font Info:    ... okay on input line 96.
LaTeX Font Info:    Checking defaults for OMX/cmex/m/n on input line 96.
LaTeX Font Info:    ... okay on input line 96.
LaTeX Font Info:    Checking defaults for U/cmr/m/n on input line 96.
LaTeX Font Info:    ... okay on input line 96.
LaTeX Font Info:    Checking defaults for PD1/pdf/m/n on input line 96.
LaTeX Font Info:    ... okay on input line 96.
LaTeX Font Info:    Checking defaults for PU/pdf/m/n on input line 96.
LaTeX Font Info:    ... okay on input line 96.
Package microtype Info: Patching varwidth to enable character protrusion.
\MT@vwid@leftmargin=\dimen266
\MT@vwid@rightmargin=\dimen267
LaTeX Info: Redefining \microtypecontext on input line 96.
Package microtype Info: Applying patch `item' on input line 96.
Package microtype Info: Applying patch `toc' on input line 96.
Package microtype Info: Applying patch `eqnum' on input line 96.
Package microtype Info: Applying patch `footnote' on input line 96.
Package microtype Info: Applying patch `verbatim' on input line 96.
LaTeX Info: Redefining \microtypesetup on input line 96.
Package microtype Info: Generating PDF output.
Package microtype Info: Character protrusion enabled (level 2).
Package microtype Info: Using protrusion set `basicmath'.
Package microtype Info: Automatic font expansion enabled (level 2),
(microtype)             stretch: 20, shrink: 20, step: 1, non-selected.
Package microtype Info: Using default expansion set `alltext-nott'.

LaTeX Warning: Command \showhyphens   has changed.
               Check if current package is valid.

LaTeX Info: Redefining \showhyphens on input line 96.
Package microtype Info: No adjustment of tracking.
Package microtype Info: No adjustment of interword spacing.
Package microtype Info: No adjustment of character kerning.
(C:\Users\jessi\AppData\Local\Programs\MiKTeX\tex/latex/microtype\mt-cmr.cfg
File: mt-cmr.cfg 2013/05/19 v2.2 microtype config. file: Computer Modern Roman 
(RS)
)
(C:\Users\jessi\AppData\Local\Programs\MiKTeX\tex/context/base/mkii\supp-pdf.mk
ii
[Loading MPS to PDF converter (version 2006.09.02).]
\scratchcounter=\count339
\scratchdimen=\dimen268
\scratchbox=\box77
\nofMPsegments=\count340
\nofMParguments=\count341
\everyMPshowfont=\toks39
\MPscratchCnt=\count342
\MPscratchDim=\dimen269
\MPnumerator=\count343
\makeMPintoPDFobject=\count344
\everyMPtoPDFconversion=\toks40
)
(C:\Users\jessi\AppData\Local\Programs\MiKTeX\tex/latex/epstopdf-pkg\epstopdf-b
ase.sty
Package: epstopdf-base 2020-01-24 v2.11 Base part for package epstopdf
Package epstopdf-base Info: Redefining graphics rule for `.eps' on input line 4
85.

(C:\Users\jessi\AppData\Local\Programs\MiKTeX\tex/latex/00miktex\epstopdf-sys.c
fg
File: epstopdf-sys.cfg 2021/03/18 v2.0 Configuration of epstopdf for MiKTeX
))
*geometry* driver: auto-detecting
*geometry* detected driver: pdftex
*geometry* verbose mode - [ preamble ] result:
* driver: pdftex
* paper: <default>
* layout: <same size as paper>
* layoutoffset:(h,v)=(0.0pt,0.0pt)
* modes: 
* h-part:(L,W,R)=(72.26999pt, 469.75502pt, 72.26999pt)
* v-part:(T,H,B)=(72.26999pt, 650.43001pt, 72.26999pt)
* \paperwidth=614.295pt
* \paperheight=794.96999pt
* \textwidth=469.75502pt
* \textheight=650.43001pt
* \oddsidemargin=0.0pt
* \evensidemargin=0.0pt
* \topmargin=-37.0pt
* \headheight=12.0pt
* \headsep=25.0pt
* \topskip=10.0pt
* \footskip=30.0pt
* \marginparwidth=65.0pt
* \marginparsep=11.0pt
* \columnsep=10.0pt
* \skip\footins=9.0pt plus 4.0pt minus 2.0pt
* \hoffset=0.0pt
* \voffset=0.0pt
* \mag=1000
* \@twocolumnfalse
* \@twosidefalse
* \@mparswitchfalse
* \@reversemarginfalse
* (1in=72.27pt=25.4mm, 1cm=28.453pt)

Package hyperref Info: Link coloring OFF on input line 96.
LaTeX Font Info:    Trying to load font information for OT1+lmr on input line 9
8.
(C:\Users\jessi\AppData\Local\Programs\MiKTeX\tex/latex/lm\ot1lmr.fd
File: ot1lmr.fd 2015/05/01 v1.6.1 Font defs for Latin Modern
)
LaTeX Font Info:    Trying to load font information for OML+lmm on input line 9
8.
(C:\Users\jessi\AppData\Local\Programs\MiKTeX\tex/latex/lm\omllmm.fd
File: omllmm.fd 2015/05/01 v1.6.1 Font defs for Latin Modern
)
LaTeX Font Info:    Trying to load font information for OMS+lmsy on input line 
98.
(C:\Users\jessi\AppData\Local\Programs\MiKTeX\tex/latex/lm\omslmsy.fd
File: omslmsy.fd 2015/05/01 v1.6.1 Font defs for Latin Modern
)
LaTeX Font Info:    Trying to load font information for OMX+lmex on input line 
98.
(C:\Users\jessi\AppData\Local\Programs\MiKTeX\tex/latex/lm\omxlmex.fd
File: omxlmex.fd 2015/05/01 v1.6.1 Font defs for Latin Modern
)
LaTeX Font Info:    External font `lmex10' loaded for size
(Font)              <12> on input line 98.
LaTeX Font Info:    External font `lmex10' loaded for size
(Font)              <8> on input line 98.
LaTeX Font Info:    External font `lmex10' loaded for size
(Font)              <6> on input line 98.
LaTeX Font Info:    Trying to load font information for U+msa on input line 98.

(C:\Users\jessi\AppData\Local\Programs\MiKTeX\tex/latex/amsfonts\umsa.fd
File: umsa.fd 2013/01/14 v3.01 AMS symbols A
) (C:\Users\jessi\AppData\Local\Programs\MiKTeX\tex/latex/microtype\mt-msa.cfg
File: mt-msa.cfg 2006/02/04 v1.1 microtype config. file: AMS symbols (a) (RS)
)
LaTeX Font Info:    Trying to load font information for U+msb on input line 98.

(C:\Users\jessi\AppData\Local\Programs\MiKTeX\tex/latex/amsfonts\umsb.fd
File: umsb.fd 2013/01/14 v3.01 AMS symbols B
) (C:\Users\jessi\AppData\Local\Programs\MiKTeX\tex/latex/microtype\mt-msb.cfg
File: mt-msb.cfg 2005/06/01 v1.0 microtype config. file: AMS symbols (b) (RS)
)
Overfull \hbox (10.25836pt too wide) in paragraph at lines 123--124
[]\T1/lmr/m/n/10 (-20) labor_whoMovesDaily  
 []


Overfull \hbox (4.53491pt too wide) in paragraph at lines 125--126
 []\T1/lmr/m/n/10 (-20) Buren
 []


Overfull \hbox (5.31342pt too wide) in paragraph at lines 127--128
 []\T1/lmr/m/n/10 (-20) Bayan
 []


Overfull \hbox (5.72725pt too wide) in paragraph at lines 129--130
 []\T1/lmr/m/n/10 (-20) Bayantal
 []


Overfull \hbox (10.5409pt too wide) in paragraph at lines 131--132
 []\T1/lmr/m/n/10 (-20) Delgerkhaan
 []


Overfull \hbox (7.42186pt too wide) in paragraph at lines 133--134
 []\T1/lmr/m/n/10 (-20) Sumber
 []


Overfull \hbox (3.99104pt too wide) in paragraph at lines 135--136
 []\T1/lmr/m/n/10 (-20) Deren
 []


Overfull \hbox (7.81822pt too wide) in paragraph at lines 137--138
 []\T1/lmr/m/n/10 (-20) Erdenedalai
 []


Overfull \hbox (12.69077pt too wide) in paragraph at lines 139--140
 []\T1/lmr/m/n/10 (-20) Bayantsagaan
 []


Overfull \hbox (0.7285pt too wide) in paragraph at lines 141--142
 []\T1/lmr/m/n/10 (-20) Total
 []


Overfull \hbox (6.32909pt too wide) in paragraph at lines 190--191
 []\T1/lmr/m/n/10 (-20) Bayan
 []


Overfull \hbox (7.24524pt too wide) in paragraph at lines 192--193
 []\T1/lmr/m/n/10 (-20) Bayantal
 []


Overfull \hbox (14.89322pt too wide) in paragraph at lines 194--195
 []\T1/lmr/m/n/10 (-20) Bayantsagaan
 []


Overfull \hbox (5.55058pt too wide) in paragraph at lines 196--197
 []\T1/lmr/m/n/10 (-20) Buren
 []


Overfull \hbox (12.56671pt too wide) in paragraph at lines 198--199
 []\T1/lmr/m/n/10 (-20) Delgerkhaan
 []


Overfull \hbox (5.00671pt too wide) in paragraph at lines 200--201
 []\T1/lmr/m/n/10 (-20) Deren
 []


Overfull \hbox (9.84404pt too wide) in paragraph at lines 202--203
 []\T1/lmr/m/n/10 (-20) Erdenedalai
 []


Overfull \hbox (8.61969pt too wide) in paragraph at lines 204--205
 []\T1/lmr/m/n/10 (-20) Sumber
 []


Overfull \hbox (1.74417pt too wide) in paragraph at lines 206--207
 []\T1/lmr/m/n/10 (-20) Total
 []

[1

{C:/Users/jessi/AppData/Local/MiKTeX/fonts/map/pdftex/pdftex.map}{C:/Users/jess
i/AppData/Local/Programs/MiKTeX/fonts/enc/dvips/lm/lm-ec.enc}]
Overfull \hbox (17.03447pt too wide) in paragraph at lines 250--251
 []\T1/lmr/m/n/10 (-20) labor_numMigrates
 []


Overfull \hbox (9.75967pt too wide) in paragraph at lines 252--253
 []\T1/lmr/m/n/10 (-20) Bayantsagaan
 []


Overfull \hbox (3.16045pt too wide) in paragraph at lines 254--255
 []\T1/lmr/m/n/10 (-20) Buren
 []


Overfull \hbox (7.8306pt too wide) in paragraph at lines 256--257
 []\T1/lmr/m/n/10 (-20) Delgerkhaan
 []


Overfull \hbox (5.83212pt too wide) in paragraph at lines 258--259
 []\T1/lmr/m/n/10 (-20) Sumber
 []


Overfull \hbox (3.93895pt too wide) in paragraph at lines 260--261
 []\T1/lmr/m/n/10 (-20) Bayan
 []


Overfull \hbox (2.61658pt too wide) in paragraph at lines 262--263
 []\T1/lmr/m/n/10 (-20) Deren
 []


Overfull \hbox (5.10793pt too wide) in paragraph at lines 264--265
 []\T1/lmr/m/n/10 (-20) Erdenedalai
 []


Overfull \hbox (3.70143pt too wide) in paragraph at lines 266--267
 []\T1/lmr/m/n/10 (-20) Bayantal
 []


Overfull \hbox (23.20097pt too wide) in paragraph at lines 308--309
[]\T1/lmr/m/n/10 (-20) labor_migImpactLabor  
 []


Overfull \hbox (3.88356pt too wide) in paragraph at lines 310--311
 []\T1/lmr/m/n/10 (-20) Buren
 []


Overfull \hbox (3.33969pt too wide) in paragraph at lines 312--313
 []\T1/lmr/m/n/10 (-20) Deren
 []


Overfull \hbox (6.51552pt too wide) in paragraph at lines 314--315
 []\T1/lmr/m/n/10 (-20) Erdenedalai
 []


Overfull \hbox (4.66206pt too wide) in paragraph at lines 316--317
 []\T1/lmr/m/n/10 (-20) Bayan
 []


Overfull \hbox (6.66563pt too wide) in paragraph at lines 318--319
 []\T1/lmr/m/n/10 (-20) Sumber
 []


Overfull \hbox (4.75021pt too wide) in paragraph at lines 320--321
 []\T1/lmr/m/n/10 (-20) Bayantal
 []


Overfull \hbox (11.23901pt too wide) in paragraph at lines 322--323
 []\T1/lmr/m/n/10 (-20) Bayantsagaan
 []


Overfull \hbox (9.23819pt too wide) in paragraph at lines 324--325
 []\T1/lmr/m/n/10 (-20) Delgerkhaan
 []


Overfull \hbox (21.22005pt too wide) in paragraph at lines 355--356
[]\T1/lmr/m/n/10 (-20) labor_migImpactPract  
 []


Overfull \hbox (3.33969pt too wide) in paragraph at lines 357--358
 []\T1/lmr/m/n/10 (-20) Deren
 []


Overfull \hbox (3.88356pt too wide) in paragraph at lines 359--360
 []\T1/lmr/m/n/10 (-20) Buren
 []


Overfull \hbox (6.51552pt too wide) in paragraph at lines 361--362
 []\T1/lmr/m/n/10 (-20) Erdenedalai
 []


Overfull \hbox (4.66206pt too wide) in paragraph at lines 363--364
 []\T1/lmr/m/n/10 (-20) Bayan
 []


Overfull \hbox (6.66563pt too wide) in paragraph at lines 365--366
 []\T1/lmr/m/n/10 (-20) Sumber
 []


Overfull \hbox (11.23901pt too wide) in paragraph at lines 367--368
 []\T1/lmr/m/n/10 (-20) Bayantsagaan
 []


Overfull \hbox (4.75021pt too wide) in paragraph at lines 369--370
 []\T1/lmr/m/n/10 (-20) Bayantal
 []


Overfull \hbox (9.23819pt too wide) in paragraph at lines 371--372
 []\T1/lmr/m/n/10 (-20) Delgerkhaan
 []



[2]
Overfull \hbox (0.57385pt too wide) in paragraph at lines 401--402
[]\T1/lmr/m/n/10 (-20) labor_hire  
 []


Overfull \hbox (1.34991pt too wide) in paragraph at lines 403--404
 []\T1/lmr/m/n/10 (-20) Buren
 []


Overfull \hbox (1.45372pt too wide) in paragraph at lines 405--406
 []\T1/lmr/m/n/10 (-20) Erdenedalai
 []


Overfull \hbox (0.80605pt too wide) in paragraph at lines 407--408
 []\T1/lmr/m/n/10 (-20) Deren
 []


Overfull \hbox (3.73454pt too wide) in paragraph at lines 409--410
 []\T1/lmr/m/n/10 (-20) Sumber
 []


Overfull \hbox (0.9525pt too wide) in paragraph at lines 411--412
 []\T1/lmr/m/n/10 (-20) Bayantal
 []


Overfull \hbox (5.81291pt too wide) in paragraph at lines 413--414
 []\T1/lmr/m/n/10 (-20) Bayantsagaan
 []


Overfull \hbox (2.12842pt too wide) in paragraph at lines 415--416
 []\T1/lmr/m/n/10 (-20) Bayan
 []


Overfull \hbox (4.17639pt too wide) in paragraph at lines 417--418
 []\T1/lmr/m/n/10 (-20) Delgerkhaan
 []


Overfull \hbox (19.43848pt too wide) in paragraph at lines 450--451
[]\T1/lmr/m/n/10 (-20) labor_hire_dailyMove  
 []


Overfull \hbox (3.88356pt too wide) in paragraph at lines 452--453
 []\T1/lmr/m/n/10 (-20) Buren
 []


Overfull \hbox (6.51552pt too wide) in paragraph at lines 454--455
 []\T1/lmr/m/n/10 (-20) Erdenedalai
 []


Overfull \hbox (3.33969pt too wide) in paragraph at lines 456--457
 []\T1/lmr/m/n/10 (-20) Deren
 []


Overfull \hbox (6.66563pt too wide) in paragraph at lines 458--459
 []\T1/lmr/m/n/10 (-20) Sumber
 []


Overfull \hbox (4.75021pt too wide) in paragraph at lines 460--461
 []\T1/lmr/m/n/10 (-20) Bayantal
 []


Overfull \hbox (11.23901pt too wide) in paragraph at lines 462--463
 []\T1/lmr/m/n/10 (-20) Bayantsagaan
 []


Overfull \hbox (4.66206pt too wide) in paragraph at lines 464--465
 []\T1/lmr/m/n/10 (-20) Bayan
 []


Overfull \hbox (9.23819pt too wide) in paragraph at lines 466--467
 []\T1/lmr/m/n/10 (-20) Delgerkhaan
 []


Overfull \hbox (17.47227pt too wide) in paragraph at lines 497--498
[]\T1/lmr/m/n/10 (-20) labor_hire_bigMove  
 []


Overfull \hbox (3.41437pt too wide) in paragraph at lines 499--500
 []\T1/lmr/m/n/10 (-20) Buren
 []


Overfull \hbox (5.57712pt too wide) in paragraph at lines 501--502
 []\T1/lmr/m/n/10 (-20) Erdenedalai
 []


Overfull \hbox (2.8705pt too wide) in paragraph at lines 503--504
 []\T1/lmr/m/n/10 (-20) Deren
 []


Overfull \hbox (6.11916pt too wide) in paragraph at lines 505--506
 []\T1/lmr/m/n/10 (-20) Sumber
 []


Overfull \hbox (4.0271pt too wide) in paragraph at lines 507--508
 []\T1/lmr/m/n/10 (-20) Bayantal
 []


Overfull \hbox (10.26198pt too wide) in paragraph at lines 509--510
 []\T1/lmr/m/n/10 (-20) Bayantsagaan
 []


Overfull \hbox (4.19287pt too wide) in paragraph at lines 511--512
 []\T1/lmr/m/n/10 (-20) Bayan
 []


Overfull \hbox (8.29979pt too wide) in paragraph at lines 513--514
 []\T1/lmr/m/n/10 (-20) Delgerkhaan
 []


Overfull \hbox (13.25427pt too wide) in paragraph at lines 544--545
[]\T1/lmr/m/n/10 (-20) labor_hire_forOtor  
 []


Overfull \hbox (3.41437pt too wide) in paragraph at lines 546--547
 []\T1/lmr/m/n/10 (-20) Buren
 []


Overfull \hbox (5.57712pt too wide) in paragraph at lines 548--549
 []\T1/lmr/m/n/10 (-20) Erdenedalai
 []


Overfull \hbox (2.8705pt too wide) in paragraph at lines 550--551
 []\T1/lmr/m/n/10 (-20) Deren
 []


Overfull \hbox (6.11916pt too wide) in paragraph at lines 552--553
 []\T1/lmr/m/n/10 (-20) Sumber
 []


Overfull \hbox (4.0271pt too wide) in paragraph at lines 554--555
 []\T1/lmr/m/n/10 (-20) Bayantal
 []


Overfull \hbox (10.26198pt too wide) in paragraph at lines 556--557
 []\T1/lmr/m/n/10 (-20) Bayantsagaan
 []


Overfull \hbox (4.19287pt too wide) in paragraph at lines 558--559
 []\T1/lmr/m/n/10 (-20) Bayan
 []


Overfull \hbox (8.29979pt too wide) in paragraph at lines 560--561
 []\T1/lmr/m/n/10 (-20) Delgerkhaan
 []


Overfull \hbox (6.42157pt too wide) in paragraph at lines 590--591
[]\T1/lmr/m/n/10 (-20) labor_hire_Other  
 []


Overfull \hbox (3.41437pt too wide) in paragraph at lines 592--593
 []\T1/lmr/m/n/10 (-20) Buren
 []


Overfull \hbox (5.57712pt too wide) in paragraph at lines 594--595
 []\T1/lmr/m/n/10 (-20) Erdenedalai
 []


Overfull \hbox (6.11916pt too wide) in paragraph at lines 596--597
 []\T1/lmr/m/n/10 (-20) Sumber
 []


Overfull \hbox (10.26198pt too wide) in paragraph at lines 598--599
 []\T1/lmr/m/n/10 (-20) Bayantsagaan
 []


Overfull \hbox (8.29979pt too wide) in paragraph at lines 600--601
 []\T1/lmr/m/n/10 (-20) Delgerkhaan
 []


Overfull \hbox (2.8705pt too wide) in paragraph at lines 602--603
 []\T1/lmr/m/n/10 (-20) Deren
 []


Overfull \hbox (4.0271pt too wide) in paragraph at lines 604--605
 []\T1/lmr/m/n/10 (-20) Bayantal
 []


Overfull \hbox (4.19287pt too wide) in paragraph at lines 606--607
 []\T1/lmr/m/n/10 (-20) Bayan
 []

[3]
LaTeX Font Info:    Trying to load font information for T1+lmtt on input line 6
35.
(C:\Users\jessi\AppData\Local\Programs\MiKTeX\tex/latex/lm\t1lmtt.fd
File: t1lmtt.fd 2015/05/01 v1.6.1 Font defs for Latin Modern
)
Overfull \hbox (70.99341pt too wide) in paragraph at lines 702--702
[]\T1/lmtt/m/n/10 ##                                                           
                     sprPasContract No Yes[] 
 []


Overfull \hbox (70.99341pt too wide) in paragraph at lines 702--702
[]\T1/lmtt/m/n/10 ## No       No           No      No              No       No 
     No                              5   0[] 
 []


Overfull \hbox (70.99341pt too wide) in paragraph at lines 702--702
[]\T1/lmtt/m/n/10 ##                                                           
     Yes                             0   0[] 
 []


Overfull \hbox (70.99341pt too wide) in paragraph at lines 702--702
[]\T1/lmtt/m/n/10 ##                                                        Yes
     No                              0   0[] 
 []


Overfull \hbox (70.99341pt too wide) in paragraph at lines 702--702
[]\T1/lmtt/m/n/10 ##                                                           
     Yes                             0   0[] 
 []


Overfull \hbox (70.99341pt too wide) in paragraph at lines 702--702
[]\T1/lmtt/m/n/10 ##                               Yes             No       No 
     No                              1   0[] 
 []


Overfull \hbox (70.99341pt too wide) in paragraph at lines 702--702
[]\T1/lmtt/m/n/10 ##                                                           
     Yes                             0   0[] 
 []


Overfull \hbox (70.99341pt too wide) in paragraph at lines 702--702
[]\T1/lmtt/m/n/10 ##                                                        Yes
     No                              0   0[] 
 []


Overfull \hbox (70.99341pt too wide) in paragraph at lines 702--702
[]\T1/lmtt/m/n/10 ##                                                           
     Yes                             0   0[] 
 []


Overfull \hbox (70.99341pt too wide) in paragraph at lines 702--702
[]\T1/lmtt/m/n/10 ##                       Yes     No              No       No 
     No                              8   0[] 
 []


Overfull \hbox (70.99341pt too wide) in paragraph at lines 702--702
[]\T1/lmtt/m/n/10 ##                                                           
     Yes                             0   0[] 
 []


Overfull \hbox (70.99341pt too wide) in paragraph at lines 702--702
[]\T1/lmtt/m/n/10 ##                                                        Yes
     No                              4   1[] 
 []


Overfull \hbox (70.99341pt too wide) in paragraph at lines 702--702
[]\T1/lmtt/m/n/10 ##                                                           
     Yes                             0   0[] 
 []


Overfull \hbox (70.99341pt too wide) in paragraph at lines 702--702
[]\T1/lmtt/m/n/10 ##                               Yes             No       No 
     No                              0   0[] 
 []


Overfull \hbox (70.99341pt too wide) in paragraph at lines 702--702
[]\T1/lmtt/m/n/10 ##                                                           
     Yes                             0   0[] 
 []


Overfull \hbox (70.99341pt too wide) in paragraph at lines 702--702
[]\T1/lmtt/m/n/10 ##                                                        Yes
     No                              0   0[] 
 []


Overfull \hbox (70.99341pt too wide) in paragraph at lines 702--702
[]\T1/lmtt/m/n/10 ##                                                           
     Yes                             0   0[] 
 []


Overfull \hbox (70.99341pt too wide) in paragraph at lines 702--702
[]\T1/lmtt/m/n/10 ##          Yes          No      No              No       No 
     No                              0   0[] 
 []


Overfull \hbox (70.99341pt too wide) in paragraph at lines 702--702
[]\T1/lmtt/m/n/10 ##                                                           
     Yes                             0   0[] 
 []


Overfull \hbox (70.99341pt too wide) in paragraph at lines 702--702
[]\T1/lmtt/m/n/10 ##                                                        Yes
     No                              0   0[] 
 []


Overfull \hbox (70.99341pt too wide) in paragraph at lines 702--702
[]\T1/lmtt/m/n/10 ##                                                           
     Yes                             0   0[] 
 []


Overfull \hbox (70.99341pt too wide) in paragraph at lines 702--702
[]\T1/lmtt/m/n/10 ##                               Yes             No       No 
     No                              0   0[] 
 []


Overfull \hbox (70.99341pt too wide) in paragraph at lines 702--702
[]\T1/lmtt/m/n/10 ##                                                           
     Yes                             0   0[] 
 []


Overfull \hbox (70.99341pt too wide) in paragraph at lines 702--702
[]\T1/lmtt/m/n/10 ##                                                        Yes
     No                              0   0[] 
 []


Overfull \hbox (70.99341pt too wide) in paragraph at lines 702--702
[]\T1/lmtt/m/n/10 ##                                                           
     Yes                             0   0[] 
 []


Overfull \hbox (70.99341pt too wide) in paragraph at lines 702--702
[]\T1/lmtt/m/n/10 ##                       Yes     No              No       No 
     No                              0   0[] 
 []


Overfull \hbox (70.99341pt too wide) in paragraph at lines 702--702
[]\T1/lmtt/m/n/10 ##                                                           
     Yes                             0   0[] 
 []


Overfull \hbox (70.99341pt too wide) in paragraph at lines 702--702
[]\T1/lmtt/m/n/10 ##                                                        Yes
     No                              0   0[] 
 []


Overfull \hbox (70.99341pt too wide) in paragraph at lines 702--702
[]\T1/lmtt/m/n/10 ##                                                           
     Yes                             2   0[] 
 []


Overfull \hbox (70.99341pt too wide) in paragraph at lines 702--702
[]\T1/lmtt/m/n/10 ##                               Yes             No       No 
     No                              0   0[] 
 []


Overfull \hbox (70.99341pt too wide) in paragraph at lines 702--702
[]\T1/lmtt/m/n/10 ##                                                           
     Yes                             0   0[] 
 []


Overfull \hbox (70.99341pt too wide) in paragraph at lines 702--702
[]\T1/lmtt/m/n/10 ##                                                        Yes
     No                              0   0[] 
 []


Overfull \hbox (70.99341pt too wide) in paragraph at lines 702--702
[]\T1/lmtt/m/n/10 ##                                                           
     Yes                             0   0[] 
 []


Overfull \hbox (70.99341pt too wide) in paragraph at lines 702--702
[]\T1/lmtt/m/n/10 ## Yes      No           No      No              No       No 
     No                              0   0[] 
 []


Overfull \hbox (70.99341pt too wide) in paragraph at lines 702--702
[]\T1/lmtt/m/n/10 ##                                                           
     Yes                             0   0[] 
 []


Overfull \hbox (70.99341pt too wide) in paragraph at lines 702--702
[]\T1/lmtt/m/n/10 ##                                                        Yes
     No                              0   0[] 
 []


Overfull \hbox (70.99341pt too wide) in paragraph at lines 702--702
[]\T1/lmtt/m/n/10 ##                                                           
     Yes                             0   0[] 
 []


Overfull \hbox (70.99341pt too wide) in paragraph at lines 702--702
[]\T1/lmtt/m/n/10 ##                               Yes             No       No 
     No                              0   0[] 
 []


Overfull \hbox (70.99341pt too wide) in paragraph at lines 702--702
[]\T1/lmtt/m/n/10 ##                                                           
     Yes                             0   0[] 
 []



[4]
Overfull \hbox (70.99341pt too wide) in paragraph at lines 702--702
[]\T1/lmtt/m/n/10 ##                                                        Yes
     No                              0   0[] 
 []


Overfull \hbox (70.99341pt too wide) in paragraph at lines 702--702
[]\T1/lmtt/m/n/10 ##                                                           
     Yes                             0   0[] 
 []


Overfull \hbox (70.99341pt too wide) in paragraph at lines 702--702
[]\T1/lmtt/m/n/10 ##                       Yes     No              No       No 
     No                              0   0[] 
 []


Overfull \hbox (70.99341pt too wide) in paragraph at lines 702--702
[]\T1/lmtt/m/n/10 ##                                                           
     Yes                             0   0[] 
 []


Overfull \hbox (70.99341pt too wide) in paragraph at lines 702--702
[]\T1/lmtt/m/n/10 ##                                                        Yes
     No                              6   1[] 
 []


Overfull \hbox (70.99341pt too wide) in paragraph at lines 702--702
[]\T1/lmtt/m/n/10 ##                                                           
     Yes                             1   0[] 
 []


Overfull \hbox (70.99341pt too wide) in paragraph at lines 702--702
[]\T1/lmtt/m/n/10 ##                               Yes             No       No 
     No                              1   0[] 
 []


Overfull \hbox (70.99341pt too wide) in paragraph at lines 702--702
[]\T1/lmtt/m/n/10 ##                                                           
     Yes                             0   0[] 
 []


Overfull \hbox (70.99341pt too wide) in paragraph at lines 702--702
[]\T1/lmtt/m/n/10 ##                                                        Yes
     No                              0   0[] 
 []


Overfull \hbox (70.99341pt too wide) in paragraph at lines 702--702
[]\T1/lmtt/m/n/10 ##                                                           
     Yes                             0   0[] 
 []


Overfull \hbox (70.99341pt too wide) in paragraph at lines 702--702
[]\T1/lmtt/m/n/10 ##          Yes          No      No              No       No 
     No                              1   0[] 
 []


Overfull \hbox (70.99341pt too wide) in paragraph at lines 702--702
[]\T1/lmtt/m/n/10 ##                                                           
     Yes                             0   0[] 
 []


Overfull \hbox (70.99341pt too wide) in paragraph at lines 702--702
[]\T1/lmtt/m/n/10 ##                                                        Yes
     No                              1   0[] 
 []


Overfull \hbox (70.99341pt too wide) in paragraph at lines 702--702
[]\T1/lmtt/m/n/10 ##                                                           
     Yes                             1   0[] 
 []


Overfull \hbox (70.99341pt too wide) in paragraph at lines 702--702
[]\T1/lmtt/m/n/10 ##                               Yes             No       No 
     No                              0   0[] 
 []


Overfull \hbox (70.99341pt too wide) in paragraph at lines 702--702
[]\T1/lmtt/m/n/10 ##                                                           
     Yes                             0   0[] 
 []


Overfull \hbox (70.99341pt too wide) in paragraph at lines 702--702
[]\T1/lmtt/m/n/10 ##                                                        Yes
     No                              0   0[] 
 []


Overfull \hbox (70.99341pt too wide) in paragraph at lines 702--702
[]\T1/lmtt/m/n/10 ##                                                           
     Yes                             0   0[] 
 []


Overfull \hbox (70.99341pt too wide) in paragraph at lines 702--702
[]\T1/lmtt/m/n/10 ##                       Yes     No              No       No 
     No                              7   0[] 
 []


Overfull \hbox (70.99341pt too wide) in paragraph at lines 702--702
[]\T1/lmtt/m/n/10 ##                                                           
     Yes                             0   0[] 
 []


Overfull \hbox (70.99341pt too wide) in paragraph at lines 702--702
[]\T1/lmtt/m/n/10 ##                                                        Yes
     No                              8   2[] 
 []


Overfull \hbox (70.99341pt too wide) in paragraph at lines 702--702
[]\T1/lmtt/m/n/10 ##                                                           
     Yes                            45   2[] 
 []


Overfull \hbox (70.99341pt too wide) in paragraph at lines 702--702
[]\T1/lmtt/m/n/10 ##                               Yes             No       No 
     No                              1   0[] 
 []


Overfull \hbox (70.99341pt too wide) in paragraph at lines 702--702
[]\T1/lmtt/m/n/10 ##                                                           
     Yes                             1   0[] 
 []


Overfull \hbox (70.99341pt too wide) in paragraph at lines 702--702
[]\T1/lmtt/m/n/10 ##                                                        Yes
     No                              1   0[] 
 []


Overfull \hbox (70.99341pt too wide) in paragraph at lines 702--702
[]\T1/lmtt/m/n/10 ##                                                           
     Yes                             2   3[] 
 []


Overfull \hbox (9.31992pt too wide) in paragraph at lines 720--721
[]\T1/lmr/m/n/10 (-20) wintCamp  
 []


Overfull \hbox (5.92398pt too wide) in paragraph at lines 722--723
[]\T1/lmr/m/n/10 (-20) wintContract  
 []


Overfull \hbox (2.7384pt too wide) in paragraph at lines 724--725
[]\T1/lmr/m/n/10 (-20) wintPas  
 []


Overfull \hbox (9.5325pt too wide) in paragraph at lines 726--727
[]\T1/lmr/m/n/10 (-20) wintPasContract  
 []


Overfull \hbox (12.18988pt too wide) in paragraph at lines 728--729
[]\T1/lmr/m/n/10 (-20) sameCamp  
 []


Overfull \hbox (7.9002pt too wide) in paragraph at lines 730--731
[]\T1/lmr/m/n/10 (-20) sprCamp  
 []


Overfull \hbox (14.6943pt too wide) in paragraph at lines 732--733
[]\T1/lmr/m/n/10 (-20) sprCampContract  
 []


Overfull \hbox (8.1128pt too wide) in paragraph at lines 734--735
[]\T1/lmr/m/n/10 (-20) sprPasContract  
 []

[5] [6] [7]
Overfull \hbox (20.14041pt too wide) in paragraph at lines 977--978
[]\T1/lmr/m/n/10 (-20) altLife_whoNoHerdwork  
 []


Overfull \hbox (7.81822pt too wide) in paragraph at lines 979--980
 []\T1/lmr/m/n/10 (-20) Erdenedalai
 []


Overfull \hbox (3.99104pt too wide) in paragraph at lines 981--982
 []\T1/lmr/m/n/10 (-20) Deren
 []


Overfull \hbox (5.31342pt too wide) in paragraph at lines 983--984
 []\T1/lmr/m/n/10 (-20) Bayan
 []


Overfull \hbox (5.72725pt too wide) in paragraph at lines 985--986
 []\T1/lmr/m/n/10 (-20) Bayantal
 []


Overfull \hbox (12.69077pt too wide) in paragraph at lines 987--988
 []\T1/lmr/m/n/10 (-20) Bayantsagaan
 []


Overfull \hbox (4.53491pt too wide) in paragraph at lines 989--990
 []\T1/lmr/m/n/10 (-20) Buren
 []


Overfull \hbox (10.5409pt too wide) in paragraph at lines 991--992
 []\T1/lmr/m/n/10 (-20) Delgerkhaan
 []


Overfull \hbox (7.42186pt too wide) in paragraph at lines 993--994
 []\T1/lmr/m/n/10 (-20) Sumber
 []


Overfull \hbox (0.7285pt too wide) in paragraph at lines 995--996
 []\T1/lmr/m/n/10 (-20) Total
 []


Overfull \hbox (6.99681pt too wide) in paragraph at lines 1031--1032
 []\T1/lmr/m/n/10 (-20) Buren
 []


Overfull \hbox (6.45294pt too wide) in paragraph at lines 1033--1034
 []\T1/lmr/m/n/10 (-20) Deren
 []


Overfull \hbox (12.70337pt too wide) in paragraph at lines 1035--1036
 []\T1/lmr/m/n/10 (-20) Erdenedalai
 []


Overfull \hbox (9.41457pt too wide) in paragraph at lines 1037--1038
 []\T1/lmr/m/n/10 (-20) Bayantal
 []


Overfull \hbox (18.00647pt too wide) in paragraph at lines 1039--1040
 []\T1/lmr/m/n/10 (-20) Bayantsagaan
 []


Overfull \hbox (10.28119pt too wide) in paragraph at lines 1041--1042
 []\T1/lmr/m/n/10 (-20) Sumber
 []


Overfull \hbox (7.77531pt too wide) in paragraph at lines 1043--1044
 []\T1/lmr/m/n/10 (-20) Bayan
 []


Overfull \hbox (15.42604pt too wide) in paragraph at lines 1045--1046
 []\T1/lmr/m/n/10 (-20) Delgerkhaan
 []


Overfull \hbox (3.1904pt too wide) in paragraph at lines 1047--1048
 []\T1/lmr/m/n/10 (-20) Total
 []



[8]
Overfull \hbox (11.3289pt too wide) in paragraph at lines 1087--1088
 []\T1/lmr/m/n/10 (-20) Erdenedalai
 []


Overfull \hbox (5.76295pt too wide) in paragraph at lines 1089--1090
 []\T1/lmr/m/n/10 (-20) Deren
 []


Overfull \hbox (7.08533pt too wide) in paragraph at lines 1091--1092
 []\T1/lmr/m/n/10 (-20) Bayan
 []


Overfull \hbox (6.30682pt too wide) in paragraph at lines 1093--1094
 []\T1/lmr/m/n/10 (-20) Buren
 []


Overfull \hbox (14.05157pt too wide) in paragraph at lines 1095--1096
 []\T1/lmr/m/n/10 (-20) Delgerkhaan
 []


Overfull \hbox (8.36578pt too wide) in paragraph at lines 1097--1098
 []\T1/lmr/m/n/10 (-20) Bayantal
 []


Overfull \hbox (16.48848pt too wide) in paragraph at lines 1099--1100
 []\T1/lmr/m/n/10 (-20) Bayantsagaan
 []


Overfull \hbox (9.48633pt too wide) in paragraph at lines 1101--1102
 []\T1/lmr/m/n/10 (-20) Sumber
 []


Overfull \hbox (2.50041pt too wide) in paragraph at lines 1103--1104
 []\T1/lmr/m/n/10 (-20) Total
 []


Overfull \hbox (14.58385pt too wide) in paragraph at lines 1164--1165
 []\T1/lmr/m/n/10 (-20) min_minLn
 []


Overfull \hbox (16.48969pt too wide) in paragraph at lines 1166--1167
 []\T1/lmr/m/n/10 (-20) max_minLn
 []


Overfull \hbox (17.41599pt too wide) in paragraph at lines 1168--1169
 []\T1/lmr/m/n/10 (-20) mean_minLn
 []


Overfull \hbox (18.18571pt too wide) in paragraph at lines 1170--1171
 []\T1/lmr/m/n/10 (-20) median_minLn
 []


Overfull \hbox (16.48969pt too wide) in paragraph at lines 1172--1173
 []\T1/lmr/m/n/10 (-20) min_maxLn
 []


Overfull \hbox (18.39552pt too wide) in paragraph at lines 1174--1175
 []\T1/lmr/m/n/10 (-20) max_maxLn
 []


Overfull \hbox (19.32182pt too wide) in paragraph at lines 1176--1177
 []\T1/lmr/m/n/10 (-20) mean_maxLn
 []


Overfull \hbox (20.09155pt too wide) in paragraph at lines 1178--1179
 []\T1/lmr/m/n/10 (-20) median_maxLn
 []


Overfull \hbox (1.2195pt too wide) in paragraph at lines 1184--1184
 []|\T1/lmr/m/n/10 (-20) 15.294118|
 []


Overfull \hbox (1.2195pt too wide) in paragraph at lines 1185--1185
 []|\T1/lmr/m/n/10 (-20) 10.000000|
 []


Overfull \hbox (1.2195pt too wide) in paragraph at lines 1185--1185
 []|\T1/lmr/m/n/10 (-20) 19.250000|
 []


Overfull \hbox (11.14645pt too wide) in paragraph at lines 1186--1186
[]|\T1/lmr/m/n/10 (-20) Bayantsagaan|  
 []


Overfull \hbox (1.2195pt too wide) in paragraph at lines 1186--1186
 []|\T1/lmr/m/n/10 (-20) 10.466667|
 []


Overfull \hbox (5.41966pt too wide) in paragraph at lines 1188--1188
[]|\T1/lmr/m/n/10 (-20) Delgerkhaan|  
 []


Overfull \hbox (1.2195pt too wide) in paragraph at lines 1188--1188
 []|\T1/lmr/m/n/10 (-20) 12.047619|
 []


Overfull \hbox (1.2195pt too wide) in paragraph at lines 1189--1189
 []|\T1/lmr/m/n/10 (-20) 10.119048|
 []


Overfull \hbox (2.69699pt too wide) in paragraph at lines 1190--1190
[]|\T1/lmr/m/n/10 (-20) Erdenedalai|  
 []



[9]
Overfull \hbox (14.9684pt too wide) in paragraph at lines 1212--1213
[]\T1/lmr/m/n/10 (-20) altLife_loansWhenNeed  
 []


Overfull \hbox (4.7502pt too wide) in paragraph at lines 1214--1215
 []\T1/lmr/m/n/10 (-20) Buren
 []


Overfull \hbox (10.97697pt too wide) in paragraph at lines 1216--1217
 []\T1/lmr/m/n/10 (-20) Delgerkhaan
 []


Overfull \hbox (5.5287pt too wide) in paragraph at lines 1218--1219
 []\T1/lmr/m/n/10 (-20) Bayan
 []


Overfull \hbox (13.12132pt too wide) in paragraph at lines 1220--1221
 []\T1/lmr/m/n/10 (-20) Bayantsagaan
 []


Overfull \hbox (4.20633pt too wide) in paragraph at lines 1222--1223
 []\T1/lmr/m/n/10 (-20) Deren
 []


Overfull \hbox (6.05292pt too wide) in paragraph at lines 1224--1225
 []\T1/lmr/m/n/10 (-20) Bayantal
 []


Overfull \hbox (7.67578pt too wide) in paragraph at lines 1226--1227
 []\T1/lmr/m/n/10 (-20) Sumber
 []


Overfull \hbox (8.2543pt too wide) in paragraph at lines 1228--1229
 []\T1/lmr/m/n/10 (-20) Erdenedalai
 []


Overfull \hbox (0.94379pt too wide) in paragraph at lines 1230--1231
 []\T1/lmr/m/n/10 (-20) Total
 []



[10] (LCLUC_laterStageAnalyses.aux)
 ***********
LaTeX2e <2025-06-01> patch level 1
L3 programming layer <2025-06-09>
 ***********
 ) 
Here is how much of TeX's memory you used:
 15354 strings out of 468221
 243502 string characters out of 5432891
 787883 words of memory out of 5000000
 43515 multiletter control sequences out of 15000+600000
 660133 words of font info for 86 fonts, out of 8000000 for 9000
 1141 hyphenation exceptions out of 8191
 83i,8n,93p,1023b,746s stack positions out of 10000i,1000n,20000p,200000b,200000s
<C:/Users/jessi/AppData/Local/Programs/MiKTeX/fonts/type1/public/lm/lmbx10.pf
b><C:/Users/jessi/AppData/Local/Programs/MiKTeX/fonts/type1/public/lm/lmbx12.pf
b><C:/Users/jessi/AppData/Local/Programs/MiKTeX/fonts/type1/public/lm/lmr10.pfb
><C:/Users/jessi/AppData/Local/Programs/MiKTeX/fonts/type1/public/lm/lmr12.pfb>
<C:/Users/jessi/AppData/Local/Programs/MiKTeX/fonts/type1/public/lm/lmr17.pfb><
C:/Users/jessi/AppData/Local/Programs/MiKTeX/fonts/type1/public/lm/lmtt10.pfb>
Output written on LCLUC_laterStageAnalyses.pdf (10 pages, 198109 bytes).
PDF statistics:
 197 PDF objects out of 1000 (max. 8388607)
 71 named destinations out of 1000 (max. 500000)
 18545 words of extra memory for PDF output out of 20736 (max. 10000000)

